
Project Performance Summary:
      142 ms  \\Mac\Home\Documents\GitHub\My-Game\My Game\My Game\My Game.vcxproj   1 calls
                142 ms  Clean                                      1 calls

Target Performance Summary:
        0 ms  CleanReferencedProjects                    1 calls
        0 ms  AfterCppClean                              1 calls
        0 ms  BeforeCppClean                             1 calls
        0 ms  AfterClean                                 1 calls
        0 ms  CppClean                                   1 calls
        0 ms  PrepareProjectReferences                   1 calls
        0 ms  Clean                                      1 calls
        0 ms  _SplitProjectReferencesByFileExistence     1 calls
        0 ms  BeforeClean                                1 calls
        1 ms  AssignProjectConfiguration                 1 calls
        1 ms  _GetProjectReferenceTargetFrameworkProperties   1 calls
        1 ms  CleanPublishFolder                         1 calls
        2 ms  PGInstrumentedClean                        1 calls
       14 ms  _CheckForInvalidConfigurationAndPlatform   1 calls
       15 ms  _PrepareForClean                           1 calls
       23 ms  CoreClean                                  1 calls
       83 ms  CoreCppClean                               1 calls
