\\mac\home\documents\github\my-game\my game\debug\my game.exe
\\mac\home\documents\github\my-game\my game\debug\my game.ilk
\\mac\home\documents\github\my-game\my game\debug\my game.pdb
\\mac\home\documents\github\my-game\my game\my game\debug\vc141.pdb
\\mac\home\documents\github\my-game\my game\my game\debug\vc141.idb
\\mac\home\documents\github\my-game\my game\my game\debug\winmain.obj
\\mac\home\documents\github\my-game\my game\my game\debug\texturemanager.obj
\\mac\home\documents\github\my-game\my game\my game\debug\spacewar.obj
\\mac\home\documents\github\my-game\my game\my game\debug\ship.obj
\\mac\home\documents\github\my-game\my game\my game\debug\planet.obj
\\mac\home\documents\github\my-game\my game\my game\debug\input.obj
\\mac\home\documents\github\my-game\my game\my game\debug\image.obj
\\mac\home\documents\github\my-game\my game\my game\debug\graphics.obj
\\mac\home\documents\github\my-game\my game\my game\debug\game.obj
\\mac\home\documents\github\my-game\my game\my game\debug\entity.obj
\\mac\home\documents\github\my-game\my game\my game\debug\debug.obj
\\mac\home\documents\github\my-game\my game\my game\debug\my game.tlog\link.read.1.tlog
\\mac\home\documents\github\my-game\my game\my game\debug\my game.tlog\link.command.1.tlog
\\mac\home\documents\github\my-game\my game\my game\debug\my game.tlog\link.write.1.tlog
\\mac\home\documents\github\my-game\my game\my game\debug\my game.tlog\cl.read.1.tlog
\\mac\home\documents\github\my-game\my game\my game\debug\my game.tlog\cl.command.1.tlog
\\mac\home\documents\github\my-game\my game\my game\debug\my game.tlog\cl.write.1.tlog
